Keepalive run at Thu Aug 28 07:21:25 UTC 2025
Keepalive run at Fri Aug 29 03:39:00 UTC 2025
Keepalive run at Sat Aug 30 03:35:04 UTC 2025
Keepalive run at Sun Aug 31 03:43:38 UTC 2025
Keepalive run at Mon Sep  1 04:02:10 UTC 2025
Keepalive run at Tue Sep  2 03:45:16 UTC 2025
Keepalive run at Wed Sep  3 03:18:55 UTC 2025
Keepalive run at Thu Sep  4 03:33:18 UTC 2025
Keepalive run at Thu Sep  4 03:33:42 UTC 2025
Keepalive run at Thu Sep  4 21:41:53 UTC 2025
Keepalive run at Fri Sep  5 03:36:13 UTC 2025
Keepalive run at Fri Sep  5 05:18:57 UTC 2025
Keepalive run at Fri Sep  5 10:10:21 UTC 2025
Keepalive run at Sat Sep  6 00:20:50 UTC 2025
Keepalive run at Sat Sep  6 03:18:06 UTC 2025
Keepalive run at Sat Sep  6 04:10:06 UTC 2025
Keepalive run at Sat Sep  6 10:04:26 UTC 2025
Keepalive run at Sun Sep  7 01:46:25 UTC 2025
Keepalive run at Sun Sep  7 03:37:44 UTC 2025
Keepalive run at Mon Sep  8 03:45:24 UTC 2025
Keepalive run at Mon Sep  8 07:02:58 UTC 2025
Keepalive run at Tue Sep  9 03:38:14 UTC 2025
Keepalive run at Wed Sep 10 03:18:51 UTC 2025
Keepalive run at Thu Sep 11 03:37:53 UTC 2025
Keepalive run at Fri Sep 12 03:19:02 UTC 2025
Keepalive run at Sat Sep 13 03:03:04 UTC 2025
Keepalive run at Sun Sep 14 03:36:58 UTC 2025
Keepalive run at Mon Sep 15 03:46:22 UTC 2025
Keepalive run at Tue Sep 16 03:34:38 UTC 2025
Keepalive run at Wed Sep 17 03:20:12 UTC 2025
Keepalive run at Thu Sep 18 03:36:33 UTC 2025
Keepalive run at Fri Sep 19 03:37:37 UTC 2025
Keepalive run at Sat Sep 20 03:18:59 UTC 2025
Keepalive run at Sun Sep 21 03:44:49 UTC 2025
Keepalive run at Mon Sep 22 03:45:36 UTC 2025
